<?xml version="1.0" encoding="UTF-8"?>
<testsuite xmlns:xsi="http://www.w3.org/2001/XMLSchema-instance" xsi:noNamespaceSchemaLocation="https://maven.apache.org/surefire/maven-surefire-plugin/xsd/surefire-test-report-3.0.xsd" version="3.0" name="CalculatorTest" time="0.131" tests="2" errors="0" skipped="0" failures="0">
  <properties>
[...]
</properties>
  <testcase name="testAdd" classname="CalculatorTest" time="0.063">
    <system-out><![CDATA[Setup Method Executed
Teardown Method Executed
]]></system-out>
  </testcase>
  <testcase name="testMultiply" classname="CalculatorTest" time="0.002">
    <system-out><![CDATA[Setup Method Executed
Teardown Method Executed
]]></system-out>
  </testcase>
</testsuite>